2024-09-07 17:27:16,199 - INFO - Starting the script.
2024-09-07 17:27:16,289 - ERROR - An error occurred: Execution failed on sql '
    SELECT * FROM chess_games
    WHERE date >= (CURRENT_DATE - INTERVAL '1 month')
    AND NOT EXISTS (
        SELECT 1 FROM chess_games WHERE chess_games.id = new_games.id
    )
    ': ERREUR:  entrée manquante de la clause FROM pour la table « new_games »
LINE 5: ... SELECT 1 FROM chess_games WHERE chess_games.id = new_games....
                                                             ^

2024-09-07 17:28:49,781 - INFO - Starting the script.
2024-09-07 17:28:49,873 - INFO - Script completed successfully.
2024-09-07 17:37:16,621 - INFO - Starting the script.
2024-09-07 17:37:16,716 - INFO - Script completed successfully.
2024-09-07 17:40:00,187 - INFO - Starting the script.
2024-09-07 17:40:00,279 - INFO - Script completed successfully.
2024-09-07 17:44:02,838 - INFO - Starting the script.
2024-09-07 17:44:03,334 - ERROR - An error occurred: Failed to fetch games: 403
2024-09-07 17:47:57,702 - INFO - Starting the script.
2024-09-07 17:47:58,622 - ERROR - An error occurred: 'result'
2024-09-07 17:50:01,198 - INFO - Starting the script.
2024-09-07 17:50:07,439 - ERROR - An error occurred: 'result'
2024-09-07 17:51:26,328 - INFO - Starting the script.
2024-09-07 17:51:27,104 - ERROR - Missing key in game data: 'result'
2024-09-07 17:51:27,104 - ERROR - Missing key in game data: 'result'
2024-09-07 17:51:27,105 - ERROR - Missing key in game data: 'result'
2024-09-07 17:51:27,105 - ERROR - Missing key in game data: 'result'
2024-09-07 17:51:27,105 - ERROR - Missing key in game data: 'result'
2024-09-07 17:51:27,105 - ERROR - Missing key in game data: 'result'
2024-09-07 17:51:27,105 - ERROR - Missing key in game data: 'result'
2024-09-07 17:51:27,105 - ERROR - Missing key in game data: 'result'
2024-09-07 17:51:27,105 - ERROR - Missing key in game data: 'result'
2024-09-07 17:51:27,105 - ERROR - Missing key in game data: 'result'
2024-09-07 17:51:27,105 - ERROR - Missing key in game data: 'result'
2024-09-07 17:51:27,105 - ERROR - Missing key in game data: 'result'
2024-09-07 17:51:27,105 - ERROR - Missing key in game data: 'result'
2024-09-07 17:51:27,112 - INFO - Script completed successfully.
2024-09-07 17:54:30,306 - INFO - Starting the script.
2024-09-07 17:54:31,025 - INFO - Script completed successfully.
2024-09-07 17:57:23,102 - INFO - Starting the script.
2024-09-07 17:57:24,086 - INFO - Script completed successfully.
